Numero de flujos totales de la captura: 7
Numero de flujos totales detectados Snortv3: 7
Numero de flujos totales detectados Snortv2: 7
Número de flujos con ataque detectados para RS1: 0
Número de mensajes de red con ataque detectados para RS1: 0
Número de instancias con ataque detectadas para Community: 0
Número de flujos con ataque detectados para RS1: 0 (FILTRADO)
Número de mensajes de red con ataque detectados para RS1: 0 (FILTRADO)
Número de instancias con ataque detectadas para Community: 0 (FILTRADO)
Número de flujos con ataque detectados para RS2: 4
Número de mensajes de red con ataque detectados para RS2: 4
Número de instancias con ataque detectadas para ETOpen: 4
Número de flujos con ataque detectados para RS2: 4 (FILTRADO)
Número de mensajes de red con ataque detectados para RS2: 4 (FILTRADO)
Número de instancias con ataque detectadas para ETOpen: 4 (FILTRADO)
Número de flujos con ataque detectados para RS3: 4
Número de mensajes de red con ataque detectados para RS3: 4
Número de instancias con ataque detectadas para Talos: 0
Número de flujos con ataque detectados para RS3: 4 (FILTRADO)
Número de mensajes de red con ataque detectados para RS3: 4 (FILTRADO)
Número de instancias con ataque detectadas para Talos: 0 (FILTRADO)
Número de flujos con ataque detectados para RS4: 12
Número de mensajes de red con ataque detectados para RS4: 12
Número de instancias con ataque detectadas para ETOpenOpt: 14
Número de flujos con ataque detectados para RS4: 10 (FILTRADO)
Número de mensajes de red con ataque detectados para RS4: 10 (FILTRADO)
Número de instancias con ataque detectadas para ETOpenOpt: 10 (FILTRADO)
